-------------------------------------------------------------------------------
Test set: com.anan.springboot.auth.controller.UserControllerTest
-------------------------------------------------------------------------------
Tests run: 5, Failures: 0, Errors: 5, Skipped: 0, Time elapsed: 1.157 s <<< FAILURE! - in com.anan.springboot.auth.controller.UserControllerTest
delete(com.anan.springboot.auth.controller.UserControllerTest)  Time elapsed: 0 s  <<< ERROR!
java.lang.IllegalStateException: Failed to load ApplicationContext
Caused by: java.lang.IllegalStateException: Failed to introspect Class [com.anan.springboot.auth.controller.UserController] from ClassLoader [sun.misc.Launcher$AppClassLoader@6bc7c054]
Caused by: java.lang.NoClassDefFoundError: com/anan/springboot/core/exception/CoreException
Caused by: java.lang.ClassNotFoundException: com.anan.springboot.core.exception.CoreException

findAll(com.anan.springboot.auth.controller.UserControllerTest)  Time elapsed: 0 s  <<< ERROR!
java.lang.IllegalStateException: Failed to load ApplicationContext
Caused by: java.lang.IllegalStateException: Failed to introspect Class [com.anan.springboot.auth.controller.UserController] from ClassLoader [sun.misc.Launcher$AppClassLoader@6bc7c054]
Caused by: java.lang.NoClassDefFoundError: com/anan/springboot/core/exception/CoreException
Caused by: java.lang.ClassNotFoundException: com.anan.springboot.core.exception.CoreException

findOne(com.anan.springboot.auth.controller.UserControllerTest)  Time elapsed: 0 s  <<< ERROR!
java.lang.IllegalStateException: Failed to load ApplicationContext
Caused by: java.lang.IllegalStateException: Failed to introspect Class [com.anan.springboot.auth.controller.UserController] from ClassLoader [sun.misc.Launcher$AppClassLoader@6bc7c054]
Caused by: java.lang.NoClassDefFoundError: com/anan/springboot/core/exception/CoreException
Caused by: java.lang.ClassNotFoundException: com.anan.springboot.core.exception.CoreException

add(com.anan.springboot.auth.controller.UserControllerTest)  Time elapsed: 0 s  <<< ERROR!
java.lang.IllegalStateException: Failed to load ApplicationContext
Caused by: java.lang.IllegalStateException: Failed to introspect Class [com.anan.springboot.auth.controller.UserController] from ClassLoader [sun.misc.Launcher$AppClassLoader@6bc7c054]
Caused by: java.lang.NoClassDefFoundError: com/anan/springboot/core/exception/CoreException
Caused by: java.lang.ClassNotFoundException: com.anan.springboot.core.exception.CoreException

save(com.anan.springboot.auth.controller.UserControllerTest)  Time elapsed: 0 s  <<< ERROR!
java.lang.IllegalStateException: Failed to load ApplicationContext
Caused by: java.lang.IllegalStateException: Failed to introspect Class [com.anan.springboot.auth.controller.UserController] from ClassLoader [sun.misc.Launcher$AppClassLoader@6bc7c054]
Caused by: java.lang.NoClassDefFoundError: com/anan/springboot/core/exception/CoreException
Caused by: java.lang.ClassNotFoundException: com.anan.springboot.core.exception.CoreException

