-------------------------------------------------------------------------------
Test set: anan.base.filemanage.util.FtpUtilTest
-------------------------------------------------------------------------------
Tests run: 3, Failures: 0, Errors: 1, Skipped: 0, Time elapsed: 3.131 s <<< FAILURE! - in anan.base.filemanage.util.FtpUtilTest
download(anan.base.filemanage.util.FtpUtilTest)  Time elapsed: 1.006 s  <<< ERROR!
java.lang.IllegalStateException: Not connected
	at anan.base.filemanage.util.FtpUtilTest.download(FtpUtilTest.java:64)

