<?xml version="1.0" encoding="UTF-8"?>
<testsuite xmlns:xsi="http://www.w3.org/2001/XMLSchema-instance" xsi:noNamespaceSchemaLocation="https://maven.apache.org/surefire/maven-surefire-plugin/xsd/surefire-test-report.xsd" name="anan.base.comment.service.impl.CommentServiceImplTest" time="1.087" tests="5" errors="3" skipped="0" failures="0">
  <properties>
[...]
</properties>
  <testcase name="delete" classname="anan.base.comment.service.impl.CommentServiceImplTest" time="0.052">
    <error message="No class anan.base.comment.orm.Comment entity with id aaaaaaaaaaaa exists!" type="org.springframework.dao.EmptyResultDataAccessException">org.springframework.dao.EmptyResultDataAccessException: No class anan.base.comment.orm.Comment entity with id aaaaaaaaaaaa exists!
	at anan.base.comment.service.impl.CommentServiceImplTest.delete(CommentServiceImplTest.java:64)
</error>
    <system-out><![CDATA[2019-01-03 14:53:49.871  INFO 14960 --- [           main] .b.t.c.SpringBootTestContextBootstrapper : Neither @ContextConfiguration nor @ContextHierarchy found for test class [anan.base.comment.service.impl.CommentServiceImplTest], using SpringBootContextLoader
2019-01-03 14:53:49.871  INFO 14960 --- [           main] o.s.t.c.support.AbstractContextLoader    : Could not detect default resource locations for test class [anan.base.comment.service.impl.CommentServiceImplTest]: no resource found for suffixes {-context.xml, Context.groovy}.
2019-01-03 14:53:49.872  INFO 14960 --- [           main] t.c.s.AnnotationConfigContextLoaderUtils : Could not detect default configuration classes for test class [anan.base.comment.service.impl.CommentServiceImplTest]: CommentServiceImplTest does not declare any static, non-private, non-final, nested classes annotated with @Configuration.
2019-01-03 14:53:49.885  INFO 14960 --- [           main] .b.t.c.SpringBootTestContextBootstrapper : Found @SpringBootConfiguration anan.base.comment.CommentApplication for test class anan.base.comment.service.impl.CommentServiceImplTest
2019-01-03 14:53:49.897  INFO 14960 --- [           main] .b.t.c.SpringBootTestContextBootstrapper : Loaded default TestExecutionListener class names from location [META-INF/spring.factories]: [org.springframework.boot.test.mock.mockito.MockitoTestExecutionListener, org.springframework.boot.test.mock.mockito.ResetMocksTestExecutionListener, org.springframework.boot.test.autoconfigure.restdocs.RestDocsTestExecutionListener, org.springframework.boot.test.autoconfigure.web.client.MockRestServiceServerResetTestExecutionListener, org.springframework.boot.test.autoconfigure.web.servlet.MockMvcPrintOnlyOnFailureTestExecutionListener, org.springframework.boot.test.autoconfigure.web.servlet.WebDriverTestExecutionListener, org.springframework.test.context.web.ServletTestExecutionListener, org.springframework.test.context.support.DirtiesContextBeforeModesTestExecutionListener, org.springframework.test.context.support.DependencyInjectionTestExecutionListener, org.springframework.test.context.support.DirtiesContextTestExecutionListener, org.springframework.test.context.transaction.TransactionalTestExecutionListener, org.springframework.test.context.jdbc.SqlScriptsTestExecutionListener]
2019-01-03 14:53:49.897  INFO 14960 --- [           main] .b.t.c.SpringBootTestContextBootstrapper : Using TestExecutionListeners: [org.springframework.test.context.web.ServletTestExecutionListener@467ef400, org.springframework.test.context.support.DirtiesContextBeforeModesTestExecutionListener@13fe5bb7, org.springframework.boot.test.mock.mockito.MockitoTestExecutionListener@4276ad40, org.springframework.boot.test.autoconfigure.SpringBootDependencyInjectionTestExecutionListener@6e5f5478, org.springframework.test.context.support.DirtiesContextTestExecutionListener@5fb07347, org.springframework.test.context.transaction.TransactionalTestExecutionListener@3ef2b8e5, org.springframework.test.context.jdbc.SqlScriptsTestExecutionListener@49190ed6, org.springframework.boot.test.mock.mockito.ResetMocksTestExecutionListener@5d717f19, org.springframework.boot.test.autoconfigure.restdocs.RestDocsTestExecutionListener@18715bb, org.springframework.boot.test.autoconfigure.web.client.MockRestServiceServerResetTestExecutionListener@2a19a0fe, org.springframework.boot.test.autoconfigure.web.servlet.MockMvcPrintOnlyOnFailureTestExecutionListener@2b7774d5, org.springframework.boot.test.autoconfigure.web.servlet.WebDriverTestExecutionListener@7d284f15]
Hibernate: select comment0_.id as id1_0_0_, comment0_.content as content2_0_0_, comment0_.create_time as create_t3_0_0_, comment0_.parent_id as parent_i4_0_0_, comment0_.update_time as update_t5_0_0_ from comment comment0_ where comment0_.id=?
]]></system-out>
  </testcase>
  <testcase name="findAll" classname="anan.base.comment.service.impl.CommentServiceImplTest" time="0.72"/>
  <testcase name="findOne" classname="anan.base.comment.service.impl.CommentServiceImplTest" time="0.037">
    <error message="No value present" type="java.util.NoSuchElementException">java.util.NoSuchElementException: No value present
	at anan.base.comment.service.impl.CommentServiceImplTest.findOne(CommentServiceImplTest.java:43)
</error>
    <system-out><![CDATA[Hibernate: select comment0_.id as id1_0_0_, comment0_.content as content2_0_0_, comment0_.create_time as create_t3_0_0_, comment0_.parent_id as parent_i4_0_0_, comment0_.update_time as update_t5_0_0_ from comment comment0_ where comment0_.id=?
]]></system-out>
  </testcase>
  <testcase name="update" classname="anan.base.comment.service.impl.CommentServiceImplTest" time="0.006">
    <error message="No value present" type="java.util.NoSuchElementException">java.util.NoSuchElementException: No value present
	at anan.base.comment.service.impl.CommentServiceImplTest.update(CommentServiceImplTest.java:56)
</error>
    <system-out><![CDATA[Hibernate: select comment0_.id as id1_0_0_, comment0_.content as content2_0_0_, comment0_.create_time as create_t3_0_0_, comment0_.parent_id as parent_i4_0_0_, comment0_.update_time as update_t5_0_0_ from comment comment0_ where comment0_.id=?
]]></system-out>
  </testcase>
  <testcase name="save" classname="anan.base.comment.service.impl.CommentServiceImplTest" time="0.146"/>
</testsuite>